<?xml version="1.0" encoding="UTF-8"?>
<!-- Generated by org.testng.reporters.JUnitReportReporter -->
<testsuite hostname="chowdhur-WX-1" name="TestReport" tests="1" failures="0" timestamp="3 Feb 2017 12:07:23 GMT" time="0.390" errors="0">
  <testcase name="verifysum" time="0.390" classname="TestReport"/>
</testsuite> <!-- TestReport -->
